<!DOCTYPE html PUBLIC "-//W3C//DTD XHTML 1.1//EN" "http://www.w3.org/TR/xhtml11/DTD/xhtml11.dtd">
<html xmlns="http://www.w3.org/1999/xhtml"><head><title>TestNG Report</title><style type="text/css">table {margin-bottom:10px;border-collapse:collapse;empty-cells:show}th,td {border:1px solid #009;padding:.25em .5em}th {vertical-align:bottom}td {vertical-align:top}table a {font-weight:bold}.stripe td {background-color: #E6EBF9}.num {text-align:right}.passedodd td {background-color: #3F3}.passedeven td {background-color: #0A0}.skippedodd td {background-color: #DDD}.skippedeven td {background-color: #CCC}.failedodd td,.attn {background-color: #F33}.failedeven td,.stripe .attn {background-color: #D00}.stacktrace {white-space:pre;font-family:monospace}.totop {font-size:85%;text-align:center;border-bottom:2px solid #000}</style></head><body><table><tr><th>Test</th><th># Passed</th><th># Skipped</th><th># Failed</th><th>Time (ms)</th><th>Included Groups</th><th>Excluded Groups</th></tr><tr><th colspan="7">Data Driven</th></tr><tr><td><a href="#t0">Login Test</a></td><td class="num">1</td><td class="num">0</td><td class="num">0</td><td class="num">5.113</td><td></td><td></td></tr><tr class="stripe"><td><a href="#t1">Add Note Test</a></td><td class="num">0</td><td class="num">0</td><td class="num attn">1</td><td class="num">3.065</td><td></td><td></td></tr><tr><td><a href="#t2">Update Note Test</a></td><td class="num">0</td><td class="num">0</td><td class="num attn">1</td><td class="num">1.386</td><td></td><td></td></tr><tr class="stripe"><td><a href="#t3">Delete Note Test</a></td><td class="num">0</td><td class="num">0</td><td class="num attn">1</td><td class="num">1.355</td><td></td><td></td></tr><tr><th>Total</th><th class="num">1</th><th class="num">0</th><th class="num attn">3</th><th class="num">10.919</th><th colspan="2"></th></tr></table><table id='summary'><thead><tr><th>Class</th><th>Method</th><th>Start</th><th>Time (ms)</th></tr></thead><tbody><tr><th colspan="4">Data Driven</th></tr></tbody><tbody id="t0"><tr><th colspan="4">Login Test &#8212; passed</th></tr><tr class="passedeven"><td rowspan="1">com.gbh.note.testcases.LoginTest</td><td><a href="#m0">LoginTest</a></td><td rowspan="1">1567366077214</td><td rowspan="1">4889</td></tr></tbody><tbody id="t1"><tr><th colspan="4">Add Note Test &#8212; failed</th></tr><tr class="failedeven"><td rowspan="1">com.gbh.note.testcases.AddNoteTest</td><td><a href="#m1">addNoteTest</a></td><td rowspan="1">1567366082737</td><td rowspan="1">1031</td></tr></tbody><tbody id="t2"><tr><th colspan="4">Update Note Test &#8212; failed</th></tr><tr class="failedeven"><td rowspan="1">com.gbh.note.testcases.UpdateNoteTest</td><td><a href="#m2">updateNoteTest</a></td><td rowspan="1">1567366085469</td><td rowspan="1">1062</td></tr></tbody><tbody id="t3"><tr><th colspan="4">Delete Note Test &#8212; failed</th></tr><tr class="failedeven"><td rowspan="1">com.gbh.note.testcases.DeleteNoteTest</td><td><a href="#m3">deleteNoteTest</a></td><td rowspan="1">1567366086840</td><td rowspan="1">1029</td></tr></tbody></table><h2>Login Test</h2><h3 id="m0">com.gbh.note.testcases.LoginTest#LoginTest</h3><table class="result"></table><p class="totop"><a href="#summary">back to summary</a></p><h2>Add Note Test</h2><h3 id="m1">com.gbh.note.testcases.AddNoteTest#addNoteTest</h3><table class="result"><tr class="param"><th>Parameter #1</th><th>Parameter #2</th><th>Parameter #3</th></tr><tr class="param stripe"><td>Primera Nota</td><td>Lorem ipsum dolor sit amet, consectetur adipiscing elit. Maecenas enim tortor, aliquet at pellentesque et, vulputate eget dolor. Etiam facilisis mattis dictum. Pellentesque ac pharetra nulla. Cras nec semper purus. Lorem ipsum dolor sit amet, consectetur adipiscing elit. Maecenas rutrum nisl ligula, at ultricies lectus lobortis id. Nulla elit velit, euismod id ligula id, cursus tempor massa. Vestibulum tempor placerat ornare. Proin et laoreet mi, vel semper urna. Nulla pulvinar nisi in velit mollis malesuada. Nulla vel vulputate sapien, a rhoncus massa. Aenean vehicula ornare magna, ut finibus enim pretium at. Quisque aliquet felis libero, eu finibus quam pretium et.</td><td>Y</td></tr><tr><th colspan="3">Messages</th></tr><tr><td colspan="3"><div class="messages">Click para ver el screenshot<br/><a target='_blank' href='Sun_Sep_01_15_28_05_BOT_2019.jpg'>Screenshot</a><br/><br><br/><br><br/><a target='_blank' href='Sun_Sep_01_15_28_05_BOT_2019.jpg'><img width='300' height='250' src='Sun_Sep_01_15_28_05_BOT_2019.jpg'/></a></div></td></tr><tr><th colspan="3">Exception</th></tr><tr><td colspan="3"><div class="stacktrace">org.openqa.selenium.JavascriptException: javascript error: Cannot read property &apos;click&apos; of null
  (Session info: chrome=76.0.3809.132)
Build info: version: &apos;3.13.0&apos;, revision: &apos;2f0d292&apos;, time: &apos;2018-06-25T15:24:21.231Z&apos;
System info: host: &apos;WINDOWS-74730O3&apos;, ip: &apos;10.0.0.8&apos;, os.name: &apos;Windows 10&apos;, os.arch: &apos;amd64&apos;, os.version: &apos;10.0&apos;, java.version: &apos;1.8.0_211&apos;
Driver info: org.openqa.selenium.chrome.ChromeDriver
Capabilities {acceptInsecureCerts: false, browserName: chrome, browserVersion: 76.0.3809.132, chrome: {chromedriverVersion: 76.0.3809.68 (420c9498db8ce..., userDataDir: C:\Users\PINEDA~1\AppData\L...}, goog:chromeOptions: {debuggerAddress: localhost:62142}, javascriptEnabled: true, networkConnectionEnabled: false, pageLoadStrategy: normal, platform: XP, platformName: XP, proxy: Proxy(), setWindowRect: true, strictFileInteractability: false, timeouts: {implicit: 0, pageLoad: 300000, script: 30000}, unhandledPromptBehavior: dismiss and notify}
Session ID: 93bbef7d0850ddd66b097140baab4361
	at org.openqa.selenium.remote.http.W3CHttpResponseCodec.createException(W3CHttpResponseCodec.java:187)
	at org.openqa.selenium.remote.http.W3CHttpResponseCodec.decode(W3CHttpResponseCodec.java:122)
	at org.openqa.selenium.remote.http.W3CHttpResponseCodec.decode(W3CHttpResponseCodec.java:49)
	at org.openqa.selenium.remote.HttpCommandExecutor.execute(HttpCommandExecutor.java:158)
	at org.openqa.selenium.remote.service.DriverCommandExecutor.execute(DriverCommandExecutor.java:83)
	at org.openqa.selenium.remote.RemoteWebDriver.execute(RemoteWebDriver.java:548)
	at org.openqa.selenium.remote.RemoteWebDriver.executeScript(RemoteWebDriver.java:485)
	at com.gbh.note.base.BaseTest.click(BaseTest.java:152)
	at com.gbh.note.testcases.AddNoteTest.addNoteTest(AddNoteTest.java:19)
... Removed 32 stack frames</div></td></tr></table><p class="totop"><a href="#summary">back to summary</a></p><h2>Update Note Test</h2><h3 id="m2">com.gbh.note.testcases.UpdateNoteTest#updateNoteTest</h3><table class="result"><tr class="param"><th>Parameter #1</th><th>Parameter #2</th><th>Parameter #3</th></tr><tr class="param stripe"><td>Primera Nota Actualizada</td><td>Esta es mi primera nota y ahora mismo la estoy actualizando</td><td>Y</td></tr><tr><th colspan="3">Messages</th></tr><tr><td colspan="3"><div class="messages">Click para ver el screenshot<br/><a target='_blank' href='Sun_Sep_01_15_28_06_BOT_2019.jpg'>Screenshot</a><br/><br><br/><br><br/><a target='_blank' href='Sun_Sep_01_15_28_06_BOT_2019.jpg'><img width='300' height='250' src='Sun_Sep_01_15_28_06_BOT_2019.jpg'/></a></div></td></tr><tr><th colspan="3">Exception</th></tr><tr><td colspan="3"><div class="stacktrace">org.openqa.selenium.JavascriptException: javascript error: Cannot read property &apos;click&apos; of null
  (Session info: chrome=76.0.3809.132)
Build info: version: &apos;3.13.0&apos;, revision: &apos;2f0d292&apos;, time: &apos;2018-06-25T15:24:21.231Z&apos;
System info: host: &apos;WINDOWS-74730O3&apos;, ip: &apos;10.0.0.8&apos;, os.name: &apos;Windows 10&apos;, os.arch: &apos;amd64&apos;, os.version: &apos;10.0&apos;, java.version: &apos;1.8.0_211&apos;
Driver info: org.openqa.selenium.chrome.ChromeDriver
Capabilities {acceptInsecureCerts: false, browserName: chrome, browserVersion: 76.0.3809.132, chrome: {chromedriverVersion: 76.0.3809.68 (420c9498db8ce..., userDataDir: C:\Users\PINEDA~1\AppData\L...}, goog:chromeOptions: {debuggerAddress: localhost:62142}, javascriptEnabled: true, networkConnectionEnabled: false, pageLoadStrategy: normal, platform: XP, platformName: XP, proxy: Proxy(), setWindowRect: true, strictFileInteractability: false, timeouts: {implicit: 0, pageLoad: 300000, script: 30000}, unhandledPromptBehavior: dismiss and notify}
Session ID: 93bbef7d0850ddd66b097140baab4361
	at org.openqa.selenium.remote.http.W3CHttpResponseCodec.createException(W3CHttpResponseCodec.java:187)
	at org.openqa.selenium.remote.http.W3CHttpResponseCodec.decode(W3CHttpResponseCodec.java:122)
	at org.openqa.selenium.remote.http.W3CHttpResponseCodec.decode(W3CHttpResponseCodec.java:49)
	at org.openqa.selenium.remote.HttpCommandExecutor.execute(HttpCommandExecutor.java:158)
	at org.openqa.selenium.remote.service.DriverCommandExecutor.execute(DriverCommandExecutor.java:83)
	at org.openqa.selenium.remote.RemoteWebDriver.execute(RemoteWebDriver.java:548)
	at org.openqa.selenium.remote.RemoteWebDriver.executeScript(RemoteWebDriver.java:485)
	at com.gbh.note.base.BaseTest.click(BaseTest.java:152)
	at com.gbh.note.testcases.UpdateNoteTest.updateNoteTest(UpdateNoteTest.java:20)
... Removed 32 stack frames</div></td></tr></table><p class="totop"><a href="#summary">back to summary</a></p><h2>Delete Note Test</h2><h3 id="m3">com.gbh.note.testcases.DeleteNoteTest#deleteNoteTest</h3><table class="result"><tr><th>Messages</th></tr><tr><td><div class="messages">Click para ver el screenshot<br/><a target='_blank' href='Sun_Sep_01_15_28_08_BOT_2019.jpg'>Screenshot</a><br/><br><br/><br><br/><a target='_blank' href='Sun_Sep_01_15_28_08_BOT_2019.jpg'><img width='300' height='250' src='Sun_Sep_01_15_28_08_BOT_2019.jpg'/></a></div></td></tr><tr><th>Exception</th></tr><tr><td><div class="stacktrace">org.openqa.selenium.JavascriptException: javascript error: Cannot read property &apos;click&apos; of null
  (Session info: chrome=76.0.3809.132)
Build info: version: &apos;3.13.0&apos;, revision: &apos;2f0d292&apos;, time: &apos;2018-06-25T15:24:21.231Z&apos;
System info: host: &apos;WINDOWS-74730O3&apos;, ip: &apos;10.0.0.8&apos;, os.name: &apos;Windows 10&apos;, os.arch: &apos;amd64&apos;, os.version: &apos;10.0&apos;, java.version: &apos;1.8.0_211&apos;
Driver info: org.openqa.selenium.chrome.ChromeDriver
Capabilities {acceptInsecureCerts: false, browserName: chrome, browserVersion: 76.0.3809.132, chrome: {chromedriverVersion: 76.0.3809.68 (420c9498db8ce..., userDataDir: C:\Users\PINEDA~1\AppData\L...}, goog:chromeOptions: {debuggerAddress: localhost:62142}, javascriptEnabled: true, networkConnectionEnabled: false, pageLoadStrategy: normal, platform: XP, platformName: XP, proxy: Proxy(), setWindowRect: true, strictFileInteractability: false, timeouts: {implicit: 0, pageLoad: 300000, script: 30000}, unhandledPromptBehavior: dismiss and notify}
Session ID: 93bbef7d0850ddd66b097140baab4361
	at org.openqa.selenium.remote.http.W3CHttpResponseCodec.createException(W3CHttpResponseCodec.java:187)
	at org.openqa.selenium.remote.http.W3CHttpResponseCodec.decode(W3CHttpResponseCodec.java:122)
	at org.openqa.selenium.remote.http.W3CHttpResponseCodec.decode(W3CHttpResponseCodec.java:49)
	at org.openqa.selenium.remote.HttpCommandExecutor.execute(HttpCommandExecutor.java:158)
	at org.openqa.selenium.remote.service.DriverCommandExecutor.execute(DriverCommandExecutor.java:83)
	at org.openqa.selenium.remote.RemoteWebDriver.execute(RemoteWebDriver.java:548)
	at org.openqa.selenium.remote.RemoteWebDriver.executeScript(RemoteWebDriver.java:485)
	at com.gbh.note.base.BaseTest.click(BaseTest.java:152)
	at com.gbh.note.testcases.DeleteNoteTest.deleteNoteTest(DeleteNoteTest.java:11)
... Removed 32 stack frames</div></td></tr></table><p class="totop"><a href="#summary">back to summary</a></p></body></html>